<?xml version="1.0" encoding="UTF-8"?>
<coverage generated="1770153912642" clover="3.2.0">
  <project timestamp="1770153912642" name="All files">
    <metrics statements="39" coveredstatements="23" conditionals="17" coveredconditionals="11" methods="20" coveredmethods="7" elements="76" coveredelements="41" complexity="0" loc="39" ncloc="39" packages="2" files="2" classes="2"/>
    <package name="src">
      <metrics statements="30" coveredstatements="18" conditionals="15" coveredconditionals="10" methods="12" coveredmethods="3"/>
      <file name="App.tsx" path="C:\Users\karll\Documents\Anchor\src\App.tsx">
        <metrics statements="30" coveredstatements="18" conditionals="15" coveredconditionals="10" methods="12" coveredmethods="3"/>
        <line num="14" count="5" type="stmt"/>
        <line num="15" count="5" type="stmt"/>
        <line num="16" count="5" type="stmt"/>
        <line num="17" count="5" type="stmt"/>
        <line num="19" count="5" type="stmt"/>
        <line num="20" count="3" type="stmt"/>
        <line num="22" count="3" type="stmt"/>
        <line num="23" count="2" type="stmt"/>
        <line num="24" count="2" type="stmt"/>
        <line num="27" count="3" type="stmt"/>
        <line num="30" count="5" type="stmt"/>
        <line num="31" count="0" type="stmt"/>
        <line num="34" count="5" type="stmt"/>
        <line num="35" count="0" type="stmt"/>
        <line num="36" count="0" type="stmt"/>
        <line num="39" count="5" type="stmt"/>
        <line num="40" count="0" type="stmt"/>
        <line num="41" count="0" type="stmt"/>
        <line num="44" count="5" type="stmt"/>
        <line num="45" count="0" type="stmt"/>
        <line num="46" count="0" type="stmt"/>
        <line num="49" count="5" type="stmt"/>
        <line num="50" count="0" type="stmt"/>
        <line num="53" count="5" type="cond" truecount="2" falsecount="0"/>
        <line num="54" count="3" type="stmt"/>
        <line num="61" count="2" type="stmt"/>
        <line num="71" count="0" type="stmt"/>
        <line num="77" count="0" type="stmt"/>
        <line num="91" count="0" type="stmt"/>
        <line num="95" count="0" type="stmt"/>
      </file>
    </package>
    <package name="src.machines">
      <metrics statements="9" coveredstatements="5" conditionals="2" coveredconditionals="1" methods="8" coveredmethods="4"/>
      <file name="sessionMachine.ts" path="C:\Users\karll\Documents\Anchor\src\machines\sessionMachine.ts">
        <metrics statements="9" coveredstatements="5" conditionals="2" coveredconditionals="1" methods="8" coveredmethods="4"/>
        <line num="25" count="1" type="stmt"/>
        <line num="46" count="5" type="stmt"/>
        <line num="60" count="4" type="stmt"/>
        <line num="71" count="0" type="stmt"/>
        <line num="83" count="2" type="stmt"/>
        <line num="89" count="0" type="stmt"/>
        <line num="100" count="0" type="stmt"/>
        <line num="107" count="0" type="stmt"/>
        <line num="120" count="1" type="stmt"/>
      </file>
    </package>
  </project>
</coverage>
