{"C:\\Users\\karll\\Documents\\Anchor\\src\\App.tsx": {"path":"C:\\Users\\karll\\Documents\\Anchor\\src\\App.tsx","statementMap":{"0":{"start":{"line":14,"column":36},"end":{"line":14,"column":null}},"1":{"start":{"line":15,"column":46},"end":{"line":15,"column":null}},"2":{"start":{"line":16,"column":42},"end":{"line":16,"column":null}},"3":{"start":{"line":17,"column":32},"end":{"line":17,"column":null}},"4":{"start":{"line":19,"column":2},"end":{"line":28,"column":null}},"5":{"start":{"line":20,"column":26},"end":{"line":25,"column":null}},"6":{"start":{"line":22,"column":37},"end":{"line":22,"column":null}},"7":{"start":{"line":23,"column":6},"end":{"line":23,"column":null}},"8":{"start":{"line":24,"column":6},"end":{"line":24,"column":null}},"9":{"start":{"line":27,"column":4},"end":{"line":27,"column":null}},"10":{"start":{"line":30,"column":25},"end":{"line":32,"column":null}},"11":{"start":{"line":31,"column":4},"end":{"line":31,"column":null}},"12":{"start":{"line":34,"column":31},"end":{"line":37,"column":null}},"13":{"start":{"line":35,"column":4},"end":{"line":35,"column":null}},"14":{"start":{"line":36,"column":4},"end":{"line":36,"column":null}},"15":{"start":{"line":39,"column":32},"end":{"line":42,"column":null}},"16":{"start":{"line":40,"column":4},"end":{"line":40,"column":null}},"17":{"start":{"line":41,"column":4},"end":{"line":41,"column":null}},"18":{"start":{"line":44,"column":30},"end":{"line":47,"column":null}},"19":{"start":{"line":45,"column":4},"end":{"line":45,"column":null}},"20":{"start":{"line":46,"column":4},"end":{"line":46,"column":null}},"21":{"start":{"line":49,"column":35},"end":{"line":51,"column":null}},"22":{"start":{"line":50,"column":4},"end":{"line":50,"column":null}},"23":{"start":{"line":53,"column":2},"end":{"line":59,"column":null}},"24":{"start":{"line":54,"column":4},"end":{"line":57,"column":null}},"25":{"start":{"line":61,"column":2},"end":{"line":101,"column":null}},"26":{"start":{"line":71,"column":34},"end":{"line":71,"column":null}},"27":{"start":{"line":77,"column":26},"end":{"line":77,"column":null}},"28":{"start":{"line":91,"column":36},"end":{"line":91,"column":65}},"29":{"start":{"line":95,"column":44},"end":{"line":95,"column":73}}},"fnMap":{"0":{"name":"App","decl":{"start":{"line":13,"column":9},"end":{"line":13,"column":15}},"loc":{"start":{"line":13,"column":15},"end":{"line":103,"column":null}},"line":13},"1":{"name":"(anonymous_1)","decl":{"start":{"line":19,"column":12},"end":{"line":19,"column":18}},"loc":{"start":{"line":19,"column":18},"end":{"line":28,"column":5}},"line":19},"2":{"name":"(anonymous_2)","decl":{"start":{"line":20,"column":26},"end":{"line":20,"column":38}},"loc":{"start":{"line":20,"column":38},"end":{"line":25,"column":null}},"line":20},"3":{"name":"(anonymous_3)","decl":{"start":{"line":30,"column":25},"end":{"line":30,"column":26}},"loc":{"start":{"line":30,"column":41},"end":{"line":32,"column":null}},"line":30},"4":{"name":"(anonymous_4)","decl":{"start":{"line":34,"column":31},"end":{"line":34,"column":32}},"loc":{"start":{"line":34,"column":55},"end":{"line":37,"column":null}},"line":34},"5":{"name":"(anonymous_5)","decl":{"start":{"line":39,"column":32},"end":{"line":39,"column":38}},"loc":{"start":{"line":39,"column":38},"end":{"line":42,"column":null}},"line":39},"6":{"name":"(anonymous_6)","decl":{"start":{"line":44,"column":30},"end":{"line":44,"column":36}},"loc":{"start":{"line":44,"column":36},"end":{"line":47,"column":null}},"line":44},"7":{"name":"(anonymous_7)","decl":{"start":{"line":49,"column":35},"end":{"line":49,"column":41}},"loc":{"start":{"line":49,"column":41},"end":{"line":51,"column":null}},"line":49},"8":{"name":"(anonymous_8)","decl":{"start":{"line":71,"column":28},"end":{"line":71,"column":34}},"loc":{"start":{"line":71,"column":34},"end":{"line":71,"column":null}},"line":71},"9":{"name":"(anonymous_9)","decl":{"start":{"line":77,"column":20},"end":{"line":77,"column":26}},"loc":{"start":{"line":77,"column":26},"end":{"line":77,"column":null}},"line":77},"10":{"name":"(anonymous_10)","decl":{"start":{"line":91,"column":30},"end":{"line":91,"column":36}},"loc":{"start":{"line":91,"column":36},"end":{"line":91,"column":65}},"line":91},"11":{"name":"(anonymous_11)","decl":{"start":{"line":95,"column":38},"end":{"line":95,"column":44}},"loc":{"start":{"line":95,"column":44},"end":{"line":95,"column":73}},"line":95}},"branchMap":{"0":{"loc":{"start":{"line":53,"column":2},"end":{"line":59,"column":null}},"type":"if","locations":[{"start":{"line":53,"column":2},"end":{"line":59,"column":null}},{"start":{},"end":{}}],"line":53},"1":{"loc":{"start":{"line":68,"column":9},"end":{"line":72,"column":null}},"type":"binary-expr","locations":[{"start":{"line":68,"column":9},"end":{"line":68,"column":null}},{"start":{"line":69,"column":10},"end":{"line":72,"column":null}}],"line":68},"2":{"loc":{"start":{"line":75,"column":9},"end":{"line":79,"column":null}},"type":"binary-expr","locations":[{"start":{"line":75,"column":9},"end":{"line":75,"column":null}},{"start":{"line":76,"column":10},"end":{"line":79,"column":null}}],"line":75},"3":{"loc":{"start":{"line":82,"column":9},"end":{"line":87,"column":null}},"type":"binary-expr","locations":[{"start":{"line":82,"column":9},"end":{"line":82,"column":38}},{"start":{"line":82,"column":38},"end":{"line":82,"column":null}},{"start":{"line":83,"column":10},"end":{"line":87,"column":null}}],"line":82},"4":{"loc":{"start":{"line":90,"column":9},"end":{"line":91,"column":null}},"type":"binary-expr","locations":[{"start":{"line":90,"column":9},"end":{"line":90,"column":null}},{"start":{"line":91,"column":10},"end":{"line":91,"column":null}}],"line":90},"5":{"loc":{"start":{"line":94,"column":9},"end":{"line":95,"column":null}},"type":"binary-expr","locations":[{"start":{"line":94,"column":9},"end":{"line":94,"column":null}},{"start":{"line":95,"column":10},"end":{"line":95,"column":null}}],"line":94},"6":{"loc":{"start":{"line":100,"column":7},"end":{"line":100,"column":null}},"type":"binary-expr","locations":[{"start":{"line":100,"column":7},"end":{"line":100,"column":25}},{"start":{"line":100,"column":25},"end":{"line":100,"column":null}}],"line":100}},"s":{"0":5,"1":5,"2":5,"3":5,"4":5,"5":3,"6":3,"7":2,"8":2,"9":3,"10":5,"11":0,"12":5,"13":0,"14":0,"15":5,"16":0,"17":0,"18":5,"19":0,"20":0,"21":5,"22":0,"23":5,"24":3,"25":2,"26":0,"27":0,"28":0,"29":0},"f":{"0":5,"1":3,"2":3,"3":0,"4":0,"5":0,"6":0,"7":0,"8":0,"9":0,"10":0,"11":0},"b":{"0":[3,2],"1":[2,2],"2":[5,0],"3":[5,0,0],"4":[5,0],"5":[5,0],"6":[5,1]},"meta":{"lastBranch":7,"lastFunction":12,"lastStatement":30,"seen":{"f:13:9:13:15":0,"s:14:36:14:Infinity":0,"s:15:46:15:Infinity":1,"s:16:42:16:Infinity":2,"s:17:32:17:Infinity":3,"s:19:2:28:Infinity":4,"f:19:12:19:18":1,"s:20:26:25:Infinity":5,"f:20:26:20:38":2,"s:22:37:22:Infinity":6,"s:23:6:23:Infinity":7,"s:24:6:24:Infinity":8,"s:27:4:27:Infinity":9,"s:30:25:32:Infinity":10,"f:30:25:30:26":3,"s:31:4:31:Infinity":11,"s:34:31:37:Infinity":12,"f:34:31:34:32":4,"s:35:4:35:Infinity":13,"s:36:4:36:Infinity":14,"s:39:32:42:Infinity":15,"f:39:32:39:38":5,"s:40:4:40:Infinity":16,"s:41:4:41:Infinity":17,"s:44:30:47:Infinity":18,"f:44:30:44:36":6,"s:45:4:45:Infinity":19,"s:46:4:46:Infinity":20,"s:49:35:51:Infinity":21,"f:49:35:49:41":7,"s:50:4:50:Infinity":22,"b:53:2:59:Infinity:undefined:undefined:undefined:undefined":0,"s:53:2:59:Infinity":23,"s:54:4:57:Infinity":24,"s:61:2:101:Infinity":25,"b:68:9:68:Infinity:69:10:72:Infinity":1,"f:71:28:71:34":8,"s:71:34:71:Infinity":26,"b:75:9:75:Infinity:76:10:79:Infinity":2,"f:77:20:77:26":9,"s:77:26:77:Infinity":27,"b:82:9:82:38:82:38:82:Infinity:83:10:87:Infinity":3,"b:90:9:90:Infinity:91:10:91:Infinity":4,"f:91:30:91:36":10,"s:91:36:91:65":28,"b:94:9:94:Infinity:95:10:95:Infinity":5,"f:95:38:95:44":11,"s:95:44:95:73":29,"b:100:7:100:25:100:25:100:Infinity":6}}}
,"C:\\Users\\karll\\Documents\\Anchor\\src\\machines\\sessionMachine.ts": {"path":"C:\\Users\\karll\\Documents\\Anchor\\src\\machines\\sessionMachine.ts","statementMap":{"0":{"start":{"line":25,"column":13},"end":{"line":131,"column":null}},"1":{"start":{"line":46,"column":52},"end":{"line":52,"column":22}},"2":{"start":{"line":60,"column":54},"end":{"line":67,"column":22}},"3":{"start":{"line":71,"column":43},"end":{"line":76,"column":22}},"4":{"start":{"line":83,"column":54},"end":{"line":85,"column":22}},"5":{"start":{"line":89,"column":61},"end":{"line":97,"column":22}},"6":{"start":{"line":100,"column":61},"end":{"line":102,"column":22}},"7":{"start":{"line":107,"column":43},"end":{"line":112,"column":22}},"8":{"start":{"line":120,"column":52},"end":{"line":122,"column":22}}},"fnMap":{"0":{"name":"(anonymous_0)","decl":{"start":{"line":46,"column":36},"end":{"line":46,"column":37}},"loc":{"start":{"line":46,"column":52},"end":{"line":52,"column":22}},"line":46},"1":{"name":"(anonymous_1)","decl":{"start":{"line":60,"column":36},"end":{"line":60,"column":37}},"loc":{"start":{"line":60,"column":54},"end":{"line":67,"column":22}},"line":60},"2":{"name":"(anonymous_2)","decl":{"start":{"line":71,"column":36},"end":{"line":71,"column":43}},"loc":{"start":{"line":71,"column":43},"end":{"line":76,"column":22}},"line":71},"3":{"name":"(anonymous_3)","decl":{"start":{"line":83,"column":36},"end":{"line":83,"column":37}},"loc":{"start":{"line":83,"column":54},"end":{"line":85,"column":22}},"line":83},"4":{"name":"(anonymous_4)","decl":{"start":{"line":89,"column":36},"end":{"line":89,"column":37}},"loc":{"start":{"line":89,"column":61},"end":{"line":97,"column":22}},"line":89},"5":{"name":"(anonymous_5)","decl":{"start":{"line":100,"column":36},"end":{"line":100,"column":37}},"loc":{"start":{"line":100,"column":61},"end":{"line":102,"column":22}},"line":100},"6":{"name":"(anonymous_6)","decl":{"start":{"line":107,"column":36},"end":{"line":107,"column":43}},"loc":{"start":{"line":107,"column":43},"end":{"line":112,"column":22}},"line":107},"7":{"name":"(anonymous_7)","decl":{"start":{"line":120,"column":36},"end":{"line":120,"column":37}},"loc":{"start":{"line":120,"column":52},"end":{"line":122,"column":22}},"line":120}},"branchMap":{"0":{"loc":{"start":{"line":64,"column":39},"end":{"line":64,"column":null}},"type":"binary-expr","locations":[{"start":{"line":64,"column":39},"end":{"line":64,"column":72}},{"start":{"line":64,"column":72},"end":{"line":64,"column":null}}],"line":64}},"s":{"0":1,"1":5,"2":4,"3":0,"4":2,"5":0,"6":0,"7":0,"8":1},"f":{"0":5,"1":4,"2":0,"3":2,"4":0,"5":0,"6":0,"7":1},"b":{"0":[4,0]},"meta":{"lastBranch":1,"lastFunction":8,"lastStatement":9,"seen":{"s:25:13:131:Infinity":0,"f:46:36:46:37":0,"s:46:52:52:22":1,"f:60:36:60:37":1,"s:60:54:67:22":2,"b:64:39:64:72:64:72:64:Infinity":0,"f:71:36:71:43":2,"s:71:43:76:22":3,"f:83:36:83:37":3,"s:83:54:85:22":4,"f:89:36:89:37":4,"s:89:61:97:22":5,"f:100:36:100:37":5,"s:100:61:102:22":6,"f:107:36:107:43":6,"s:107:43:112:22":7,"f:120:36:120:37":7,"s:120:52:122:22":8}}}
}
